running egg_info
writing ../../build/py_tf/py_tf.egg-info/PKG-INFO
writing dependency_links to ../../build/py_tf/py_tf.egg-info/dependency_links.txt
writing entry points to ../../build/py_tf/py_tf.egg-info/entry_points.txt
writing requirements to ../../build/py_tf/py_tf.egg-info/requires.txt
writing top-level names to ../../build/py_tf/py_tf.egg-info/top_level.txt
reading manifest file '../../build/py_tf/py_tf.egg-info/SOURCES.txt'
adding license file 'LICENSE'
writing manifest file '../../build/py_tf/py_tf.egg-info/SOURCES.txt'
running build
running build_py
running install
running install_lib
byte-compiling /home/interstellar/tf_demo/tf_ws/install/py_tf/lib/python3.10/site-packages/py_tf/dy_broadcaster.py to dy_broadcaster.cpython-310.pyc
running install_data
running install_egg_info
removing '/home/interstellar/tf_demo/tf_ws/install/py_tf/lib/python3.10/site-packages/py_tf-0.0.0-py3.10.egg-info' (and everything under it)
Copying ../../build/py_tf/py_tf.egg-info to /home/interstellar/tf_demo/tf_ws/install/py_tf/lib/python3.10/site-packages/py_tf-0.0.0-py3.10.egg-info
running install_scripts
Installing dy_broadcaster script to /home/interstellar/tf_demo/tf_ws/install/py_tf/lib/py_tf
Installing sta_broadcaster script to /home/interstellar/tf_demo/tf_ws/install/py_tf/lib/py_tf
writing list of installed files to '/home/interstellar/tf_demo/tf_ws/build/py_tf/install.log'
