[1.660s] Invoking command in '/home/interstellar/tf_demo/tf_ws/src/py_tf': PYTHONPATH=/home/interstellar/tf_demo/tf_ws/build/py_tf/prefix_override:/usr/lib/python3/dist-packages/colcon_core/task/python/colcon_distutils_commands:/home/interstellar/tf_demo/tf_ws/install/py_tf/lib/python3.10/site-packages:${PYTHONPATH} /usr/bin/python3 -W ignore:setup.py install is deprecated setup.py egg_info --egg-base ../../build/py_tf build --build-base /home/interstellar/tf_demo/tf_ws/build/py_tf/build install --record /home/interstellar/tf_demo/tf_ws/build/py_tf/install.log --single-version-externally-managed install_data
[2.261s] running egg_info
[2.263s] writing ../../build/py_tf/py_tf.egg-info/PKG-INFO
[2.265s] writing dependency_links to ../../build/py_tf/py_tf.egg-info/dependency_links.txt
[2.265s] writing entry points to ../../build/py_tf/py_tf.egg-info/entry_points.txt
[2.266s] writing requirements to ../../build/py_tf/py_tf.egg-info/requires.txt
[2.266s] writing top-level names to ../../build/py_tf/py_tf.egg-info/top_level.txt
[2.270s] reading manifest file '../../build/py_tf/py_tf.egg-info/SOURCES.txt'
[2.270s] adding license file 'LICENSE'
[2.272s] writing manifest file '../../build/py_tf/py_tf.egg-info/SOURCES.txt'
[2.273s] running build
[2.273s] running build_py
[2.274s] running install
[2.274s] running install_lib
[2.277s] running install_data
[2.277s] running install_egg_info
[2.282s] removing '/home/interstellar/tf_demo/tf_ws/install/py_tf/lib/python3.10/site-packages/py_tf-0.0.0-py3.10.egg-info' (and everything under it)
[2.283s] Copying ../../build/py_tf/py_tf.egg-info to /home/interstellar/tf_demo/tf_ws/install/py_tf/lib/python3.10/site-packages/py_tf-0.0.0-py3.10.egg-info
[2.285s] running install_scripts
[2.336s] Installing sta_broadcaster script to /home/interstellar/tf_demo/tf_ws/install/py_tf/lib/py_tf
[2.338s] writing list of installed files to '/home/interstellar/tf_demo/tf_ws/build/py_tf/install.log'
[2.385s] Invoked command in '/home/interstellar/tf_demo/tf_ws/src/py_tf' returned '0': PYTHONPATH=/home/interstellar/tf_demo/tf_ws/build/py_tf/prefix_override:/usr/lib/python3/dist-packages/colcon_core/task/python/colcon_distutils_commands:/home/interstellar/tf_demo/tf_ws/install/py_tf/lib/python3.10/site-packages:${PYTHONPATH} /usr/bin/python3 -W ignore:setup.py install is deprecated setup.py egg_info --egg-base ../../build/py_tf build --build-base /home/interstellar/tf_demo/tf_ws/build/py_tf/build install --record /home/interstellar/tf_demo/tf_ws/build/py_tf/install.log --single-version-externally-managed install_data
