/home/interstellar/tf_demo/install/py_tf/lib/python3.10/site-packages/py_tf/__init__.py
/home/interstellar/tf_demo/install/py_tf/lib/python3.10/site-packages/py_tf/listener.py
/home/interstellar/tf_demo/install/py_tf/lib/python3.10/site-packages/py_tf/sta_broadcaster.py
/home/interstellar/tf_demo/install/py_tf/lib/python3.10/site-packages/py_tf/dy_broadcaster.py
/home/interstellar/tf_demo/install/py_tf/lib/python3.10/site-packages/py_tf/__pycache__/__init__.cpython-310.pyc
/home/interstellar/tf_demo/install/py_tf/lib/python3.10/site-packages/py_tf/__pycache__/listener.cpython-310.pyc
/home/interstellar/tf_demo/install/py_tf/lib/python3.10/site-packages/py_tf/__pycache__/sta_broadcaster.cpython-310.pyc
/home/interstellar/tf_demo/install/py_tf/lib/python3.10/site-packages/py_tf/__pycache__/dy_broadcaster.cpython-310.pyc
/home/interstellar/tf_demo/install/py_tf/share/ament_index/resource_index/packages/py_tf
/home/interstellar/tf_demo/install/py_tf/share/py_tf/package.xml
/home/interstellar/tf_demo/install/py_tf/lib/python3.10/site-packages/py_tf-0.0.0-py3.10.egg-info/zip-safe
/home/interstellar/tf_demo/install/py_tf/lib/python3.10/site-packages/py_tf-0.0.0-py3.10.egg-info/dependency_links.txt
/home/interstellar/tf_demo/install/py_tf/lib/python3.10/site-packages/py_tf-0.0.0-py3.10.egg-info/top_level.txt
/home/interstellar/tf_demo/install/py_tf/lib/python3.10/site-packages/py_tf-0.0.0-py3.10.egg-info/entry_points.txt
/home/interstellar/tf_demo/install/py_tf/lib/python3.10/site-packages/py_tf-0.0.0-py3.10.egg-info/requires.txt
/home/interstellar/tf_demo/install/py_tf/lib/python3.10/site-packages/py_tf-0.0.0-py3.10.egg-info/SOURCES.txt
/home/interstellar/tf_demo/install/py_tf/lib/python3.10/site-packages/py_tf-0.0.0-py3.10.egg-info/PKG-INFO
/home/interstellar/tf_demo/install/py_tf/lib/py_tf/dy_broadcaster
/home/interstellar/tf_demo/install/py_tf/lib/py_tf/listener
/home/interstellar/tf_demo/install/py_tf/lib/py_tf/sta_broadcaster
