running egg_info
creating ../../build/py_tf/py_tf.egg-info
writing ../../build/py_tf/py_tf.egg-info/PKG-INFO
writing dependency_links to ../../build/py_tf/py_tf.egg-info/dependency_links.txt
writing entry points to ../../build/py_tf/py_tf.egg-info/entry_points.txt
writing requirements to ../../build/py_tf/py_tf.egg-info/requires.txt
writing top-level names to ../../build/py_tf/py_tf.egg-info/top_level.txt
writing manifest file '../../build/py_tf/py_tf.egg-info/SOURCES.txt'
reading manifest file '../../build/py_tf/py_tf.egg-info/SOURCES.txt'
adding license file 'LICENSE'
writing manifest file '../../build/py_tf/py_tf.egg-info/SOURCES.txt'
running build
running build_py
creating /home/interstellar/tf_demo/tf_ws/build/py_tf/build
creating /home/interstellar/tf_demo/tf_ws/build/py_tf/build/lib
creating /home/interstellar/tf_demo/tf_ws/build/py_tf/build/lib/py_tf
copying py_tf/__init__.py -> /home/interstellar/tf_demo/tf_ws/build/py_tf/build/lib/py_tf
copying py_tf/sta_broadcaster.py -> /home/interstellar/tf_demo/tf_ws/build/py_tf/build/lib/py_tf
running install
running install_lib
creating /home/interstellar/tf_demo/tf_ws/install/py_tf/lib/python3.10/site-packages/py_tf
copying /home/interstellar/tf_demo/tf_ws/build/py_tf/build/lib/py_tf/__init__.py -> /home/interstellar/tf_demo/tf_ws/install/py_tf/lib/python3.10/site-packages/py_tf
copying /home/interstellar/tf_demo/tf_ws/build/py_tf/build/lib/py_tf/sta_broadcaster.py -> /home/interstellar/tf_demo/tf_ws/install/py_tf/lib/python3.10/site-packages/py_tf
byte-compiling /home/interstellar/tf_demo/tf_ws/install/py_tf/lib/python3.10/site-packages/py_tf/__init__.py to __init__.cpython-310.pyc
byte-compiling /home/interstellar/tf_demo/tf_ws/install/py_tf/lib/python3.10/site-packages/py_tf/sta_broadcaster.py to sta_broadcaster.cpython-310.pyc
running install_data
creating /home/interstellar/tf_demo/tf_ws/install/py_tf/share/ament_index
creating /home/interstellar/tf_demo/tf_ws/install/py_tf/share/ament_index/resource_index
creating /home/interstellar/tf_demo/tf_ws/install/py_tf/share/ament_index/resource_index/packages
copying resource/py_tf -> /home/interstellar/tf_demo/tf_ws/install/py_tf/share/ament_index/resource_index/packages
copying package.xml -> /home/interstellar/tf_demo/tf_ws/install/py_tf/share/py_tf
running install_egg_info
Copying ../../build/py_tf/py_tf.egg-info to /home/interstellar/tf_demo/tf_ws/install/py_tf/lib/python3.10/site-packages/py_tf-0.0.0-py3.10.egg-info
running install_scripts
writing list of installed files to '/home/interstellar/tf_demo/tf_ws/build/py_tf/install.log'
