[0.324s] DEBUG:colcon:Command line arguments: ['/usr/bin/colcon', 'build']
[0.324s] DEBUG:colcon:Parsed command line arguments: Namespace(log_base=None, log_level=None, verb_name='build', build_base='build', install_base='install', merge_install=False, symlink_install=False, test_result_base=None, continue_on_error=False, executor='parallel', parallel_workers=4, event_handlers=None, ignore_user_meta=False, metas=['./colcon.meta'], base_paths=['.'], packages_ignore=None, packages_ignore_regex=None, paths=None, packages_up_to=None, packages_up_to_regex=None, packages_above=None, packages_above_and_dependencies=None, packages_above_depth=None, packages_select_by_dep=None, packages_skip_by_dep=None, packages_skip_up_to=None, packages_select_build_failed=False, packages_skip_build_finished=False, packages_select_test_failures=False, packages_skip_test_passed=False, packages_select=None, packages_skip=None, packages_select_regex=None, packages_skip_regex=None, packages_start=None, packages_end=None, allow_overriding=[], cmake_args=None, cmake_target=None, cmake_target_skip_unavailable=False, cmake_clean_cache=False, cmake_clean_first=False, cmake_force_configure=False, ament_cmake_args=None, catkin_cmake_args=None, catkin_skip_building_tests=False, verb_parser=<colcon_defaults.argument_parser.defaults.DefaultArgumentsDecorator object at 0x7da0f6548400>, verb_extension=<colcon_core.verb.build.BuildVerb object at 0x7da0f6513310>, main=<bound method BuildVerb.main of <colcon_core.verb.build.BuildVerb object at 0x7da0f6513310>>)
[0.900s] Level 1:colcon.colcon_core.package_discovery:discover_packages(colcon_meta) check parameters
[0.901s] Level 1:colcon.colcon_core.package_discovery:discover_packages(recursive) check parameters
[0.901s] Level 1:colcon.colcon_core.package_discovery:discover_packages(ignore) check parameters
[0.901s] Level 1:colcon.colcon_core.package_discovery:discover_packages(path) check parameters
[0.901s] Level 1:colcon.colcon_core.package_discovery:discover_packages(colcon_meta) discover
[0.901s] Level 1:colcon.colcon_core.package_discovery:discover_packages(recursive) discover
[0.901s] INFO:colcon.colcon_core.package_discovery:Crawling recursively for packages in '/home/interstellar/tf_demo/tf_ws'
[0.901s] Level 1:colcon.colcon_core.package_identification:_identify(.) by extensions ['ignore', 'ignore_ament_install']
[0.902s] Level 1:colcon.colcon_core.package_identification:_identify(.) by extension 'ignore'
[0.902s] Level 1:colcon.colcon_core.package_identification:_identify(.) by extension 'ignore_ament_install'
[0.902s] Level 1:colcon.colcon_core.package_identification:_identify(.) by extensions ['colcon_pkg']
[0.902s] Level 1:colcon.colcon_core.package_identification:_identify(.) by extension 'colcon_pkg'
[0.902s] Level 1:colcon.colcon_core.package_identification:_identify(.) by extensions ['colcon_meta']
[0.902s] Level 1:colcon.colcon_core.package_identification:_identify(.) by extension 'colcon_meta'
[0.902s] Level 1:colcon.colcon_core.package_identification:_identify(.) by extensions ['ros']
[0.902s] Level 1:colcon.colcon_core.package_identification:_identify(.) by extension 'ros'
[0.985s] Level 1:colcon.colcon_core.package_identification:_identify(.) by extensions ['cmake', 'python']
[0.986s] Level 1:colcon.colcon_core.package_identification:_identify(.) by extension 'cmake'
[0.986s] Level 1:colcon.colcon_core.package_identification:_identify(.) by extension 'python'
[0.986s] Level 1:colcon.colcon_core.package_identification:_identify(.) by extensions ['python_setup_py']
[0.986s] Level 1:colcon.colcon_core.package_identification:_identify(.) by extension 'python_setup_py'
[0.986s] Level 1:colcon.colcon_core.package_identification:_identify(build) by extensions ['ignore', 'ignore_ament_install']
[0.987s] Level 1:colcon.colcon_core.package_identification:_identify(build) by extension 'ignore'
[0.987s] Level 1:colcon.colcon_core.package_identification:_identify(build) ignored
[0.987s] Level 1:colcon.colcon_core.package_identification:_identify(install) by extensions ['ignore', 'ignore_ament_install']
[0.988s] Level 1:colcon.colcon_core.package_identification:_identify(install) by extension 'ignore'
[0.988s] Level 1:colcon.colcon_core.package_identification:_identify(install) ignored
[0.988s] Level 1:colcon.colcon_core.package_identification:_identify(log) by extensions ['ignore', 'ignore_ament_install']
[0.989s] Level 1:colcon.colcon_core.package_identification:_identify(log) by extension 'ignore'
[0.989s] Level 1:colcon.colcon_core.package_identification:_identify(log) ignored
[0.989s] Level 1:colcon.colcon_core.package_identification:_identify(src) by extensions ['ignore', 'ignore_ament_install']
[0.989s] Level 1:colcon.colcon_core.package_identification:_identify(src) by extension 'ignore'
[0.989s] Level 1:colcon.colcon_core.package_identification:_identify(src) by extension 'ignore_ament_install'
[0.990s] Level 1:colcon.colcon_core.package_identification:_identify(src) by extensions ['colcon_pkg']
[0.990s] Level 1:colcon.colcon_core.package_identification:_identify(src) by extension 'colcon_pkg'
[0.990s] Level 1:colcon.colcon_core.package_identification:_identify(src) by extensions ['colcon_meta']
[0.990s] Level 1:colcon.colcon_core.package_identification:_identify(src) by extension 'colcon_meta'
[0.991s] Level 1:colcon.colcon_core.package_identification:_identify(src) by extensions ['ros']
[0.991s] Level 1:colcon.colcon_core.package_identification:_identify(src) by extension 'ros'
[0.991s] Level 1:colcon.colcon_core.package_identification:_identify(src) by extensions ['cmake', 'python']
[0.991s] Level 1:colcon.colcon_core.package_identification:_identify(src) by extension 'cmake'
[0.991s] Level 1:colcon.colcon_core.package_identification:_identify(src) by extension 'python'
[0.991s] Level 1:colcon.colcon_core.package_identification:_identify(src) by extensions ['python_setup_py']
[0.991s] Level 1:colcon.colcon_core.package_identification:_identify(src) by extension 'python_setup_py'
[0.991s] Level 1:colcon.colcon_core.package_identification:_identify(src/py_tf) by extensions ['ignore', 'ignore_ament_install']
[0.992s] Level 1:colcon.colcon_core.package_identification:_identify(src/py_tf) by extension 'ignore'
[0.992s] Level 1:colcon.colcon_core.package_identification:_identify(src/py_tf) by extension 'ignore_ament_install'
[0.992s] Level 1:colcon.colcon_core.package_identification:_identify(src/py_tf) by extensions ['colcon_pkg']
[0.992s] Level 1:colcon.colcon_core.package_identification:_identify(src/py_tf) by extension 'colcon_pkg'
[0.992s] Level 1:colcon.colcon_core.package_identification:_identify(src/py_tf) by extensions ['colcon_meta']
[0.992s] Level 1:colcon.colcon_core.package_identification:_identify(src/py_tf) by extension 'colcon_meta'
[0.992s] Level 1:colcon.colcon_core.package_identification:_identify(src/py_tf) by extensions ['ros']
[0.992s] Level 1:colcon.colcon_core.package_identification:_identify(src/py_tf) by extension 'ros'
[1.001s] DEBUG:colcon.colcon_core.package_identification:Package 'src/py_tf' with type 'ros.ament_python' and name 'py_tf'
[1.001s] Level 1:colcon.colcon_core.package_discovery:discover_packages(recursive) using defaults
[1.001s] Level 1:colcon.colcon_core.package_discovery:discover_packages(ignore) discover
[1.001s] Level 1:colcon.colcon_core.package_discovery:discover_packages(ignore) using defaults
[1.001s] Level 1:colcon.colcon_core.package_discovery:discover_packages(path) discover
[1.002s] Level 1:colcon.colcon_core.package_discovery:discover_packages(path) using defaults
[1.133s] Level 1:colcon.colcon_core.package_discovery:discover_packages(prefix_path) check parameters
[1.134s] Level 1:colcon.colcon_core.package_discovery:discover_packages(prefix_path) discover
[1.138s] DEBUG:colcon.colcon_installed_package_information.package_discovery:Found 1 installed packages in /home/interstellar/tf_demo/tf_ws/install
[1.144s] DEBUG:colcon.colcon_installed_package_information.package_discovery:Found 271 installed packages in /opt/ros/humble
[1.170s] Level 1:colcon.colcon_core.package_discovery:discover_packages(prefix_path) using defaults
[1.304s] Level 5:colcon.colcon_core.verb:set package 'py_tf' build argument 'cmake_args' from command line to 'None'
[1.305s] Level 5:colcon.colcon_core.verb:set package 'py_tf' build argument 'cmake_target' from command line to 'None'
[1.305s] Level 5:colcon.colcon_core.verb:set package 'py_tf' build argument 'cmake_target_skip_unavailable' from command line to 'False'
[1.305s] Level 5:colcon.colcon_core.verb:set package 'py_tf' build argument 'cmake_clean_cache' from command line to 'False'
[1.305s] Level 5:colcon.colcon_core.verb:set package 'py_tf' build argument 'cmake_clean_first' from command line to 'False'
[1.305s] Level 5:colcon.colcon_core.verb:set package 'py_tf' build argument 'cmake_force_configure' from command line to 'False'
[1.305s] Level 5:colcon.colcon_core.verb:set package 'py_tf' build argument 'ament_cmake_args' from command line to 'None'
[1.305s] Level 5:colcon.colcon_core.verb:set package 'py_tf' build argument 'catkin_cmake_args' from command line to 'None'
[1.305s] Level 5:colcon.colcon_core.verb:set package 'py_tf' build argument 'catkin_skip_building_tests' from command line to 'False'
[1.305s] DEBUG:colcon.colcon_core.verb:Building package 'py_tf' with the following arguments: {'ament_cmake_args': None, 'build_base': '/home/interstellar/tf_demo/tf_ws/build/py_tf', 'catkin_cmake_args': None, 'catkin_skip_building_tests': False, 'cmake_args': None, 'cmake_clean_cache': False, 'cmake_clean_first': False, 'cmake_force_configure': False, 'cmake_target': None, 'cmake_target_skip_unavailable': False, 'install_base': '/home/interstellar/tf_demo/tf_ws/install/py_tf', 'merge_install': False, 'path': '/home/interstellar/tf_demo/tf_ws/src/py_tf', 'symlink_install': False, 'test_result_base': None}
[1.305s] INFO:colcon.colcon_core.executor:Executing jobs using 'parallel' executor
[1.308s] DEBUG:colcon.colcon_parallel_executor.executor.parallel:run_until_complete
[1.309s] INFO:colcon.colcon_ros.task.ament_python.build:Building ROS package in '/home/interstellar/tf_demo/tf_ws/src/py_tf' with build type 'ament_python'
[1.309s] Level 1:colcon.colcon_core.shell:create_environment_hook('py_tf', 'ament_prefix_path')
[1.315s] INFO:colcon.colcon_core.plugin_system:Skipping extension 'colcon_core.shell.bat': Not used on non-Windows systems
[1.315s] INFO:colcon.colcon_core.shell:Creating environment hook '/home/interstellar/tf_demo/tf_ws/install/py_tf/share/py_tf/hook/ament_prefix_path.ps1'
[1.317s] INFO:colcon.colcon_core.shell:Creating environment descriptor '/home/interstellar/tf_demo/tf_ws/install/py_tf/share/py_tf/hook/ament_prefix_path.dsv'
[1.319s] INFO:colcon.colcon_core.shell:Creating environment hook '/home/interstellar/tf_demo/tf_ws/install/py_tf/share/py_tf/hook/ament_prefix_path.sh'
[1.321s] INFO:colcon.colcon_core.shell:Skip shell extension 'powershell' for command environment: Not usable outside of PowerShell
[1.322s] DEBUG:colcon.colcon_core.shell:Skip shell extension 'dsv' for command environment
[2.342s] INFO:colcon.colcon_core.task.python.build:Building Python package in '/home/interstellar/tf_demo/tf_ws/src/py_tf'
[2.343s] INFO:colcon.colcon_core.shell:Skip shell extension 'powershell' for command environment: Not usable outside of PowerShell
[2.343s] DEBUG:colcon.colcon_core.shell:Skip shell extension 'dsv' for command environment
[3.260s] DEBUG:colcon.colcon_core.event_handler.log_command:Invoking command in '/home/interstellar/tf_demo/tf_ws/src/py_tf': PYTHONPATH=/home/interstellar/tf_demo/tf_ws/build/py_tf/prefix_override:/usr/lib/python3/dist-packages/colcon_core/task/python/colcon_distutils_commands:/home/interstellar/tf_demo/tf_ws/install/py_tf/lib/python3.10/site-packages:${PYTHONPATH} /usr/bin/python3 -W ignore:setup.py install is deprecated setup.py egg_info --egg-base ../../build/py_tf build --build-base /home/interstellar/tf_demo/tf_ws/build/py_tf/build install --record /home/interstellar/tf_demo/tf_ws/build/py_tf/install.log --single-version-externally-managed install_data
[4.204s] DEBUG:colcon.colcon_core.event_handler.log_command:Invoked command in '/home/interstellar/tf_demo/tf_ws/src/py_tf' returned '0': PYTHONPATH=/home/interstellar/tf_demo/tf_ws/build/py_tf/prefix_override:/usr/lib/python3/dist-packages/colcon_core/task/python/colcon_distutils_commands:/home/interstellar/tf_demo/tf_ws/install/py_tf/lib/python3.10/site-packages:${PYTHONPATH} /usr/bin/python3 -W ignore:setup.py install is deprecated setup.py egg_info --egg-base ../../build/py_tf build --build-base /home/interstellar/tf_demo/tf_ws/build/py_tf/build install --record /home/interstellar/tf_demo/tf_ws/build/py_tf/install.log --single-version-externally-managed install_data
[4.210s] Level 1:colcon.colcon_core.environment:checking '/home/interstellar/tf_demo/tf_ws/install/py_tf' for CMake module files
[4.212s] Level 1:colcon.colcon_core.environment:checking '/home/interstellar/tf_demo/tf_ws/install/py_tf' for CMake config files
[4.214s] Level 1:colcon.colcon_core.environment:checking '/home/interstellar/tf_demo/tf_ws/install/py_tf/lib'
[4.214s] Level 1:colcon.colcon_core.environment:checking '/home/interstellar/tf_demo/tf_ws/install/py_tf/bin'
[4.215s] Level 1:colcon.colcon_core.environment:checking '/home/interstellar/tf_demo/tf_ws/install/py_tf/lib/pkgconfig/py_tf.pc'
[4.215s] Level 1:colcon.colcon_core.environment:checking '/home/interstellar/tf_demo/tf_ws/install/py_tf/lib/python3.10/site-packages'
[4.216s] Level 1:colcon.colcon_core.shell:create_environment_hook('py_tf', 'pythonpath')
[4.216s] INFO:colcon.colcon_core.shell:Creating environment hook '/home/interstellar/tf_demo/tf_ws/install/py_tf/share/py_tf/hook/pythonpath.ps1'
[4.218s] INFO:colcon.colcon_core.shell:Creating environment descriptor '/home/interstellar/tf_demo/tf_ws/install/py_tf/share/py_tf/hook/pythonpath.dsv'
[4.219s] INFO:colcon.colcon_core.shell:Creating environment hook '/home/interstellar/tf_demo/tf_ws/install/py_tf/share/py_tf/hook/pythonpath.sh'
[4.221s] Level 1:colcon.colcon_core.environment:checking '/home/interstellar/tf_demo/tf_ws/install/py_tf/bin'
[4.221s] Level 1:colcon.colcon_core.environment:create_environment_scripts_only(py_tf)
[4.222s] INFO:colcon.colcon_core.shell:Creating package script '/home/interstellar/tf_demo/tf_ws/install/py_tf/share/py_tf/package.ps1'
[4.224s] INFO:colcon.colcon_core.shell:Creating package descriptor '/home/interstellar/tf_demo/tf_ws/install/py_tf/share/py_tf/package.dsv'
[4.226s] INFO:colcon.colcon_core.shell:Creating package script '/home/interstellar/tf_demo/tf_ws/install/py_tf/share/py_tf/package.sh'
[4.228s] INFO:colcon.colcon_core.shell:Creating package script '/home/interstellar/tf_demo/tf_ws/install/py_tf/share/py_tf/package.bash'
[4.230s] INFO:colcon.colcon_core.shell:Creating package script '/home/interstellar/tf_demo/tf_ws/install/py_tf/share/py_tf/package.zsh'
[4.232s] Level 1:colcon.colcon_core.environment:create_file_with_runtime_dependencies(/home/interstellar/tf_demo/tf_ws/install/py_tf/share/colcon-core/packages/py_tf)
[4.233s] DEBUG:colcon.colcon_parallel_executor.executor.parallel:closing loop
[4.235s] DEBUG:colcon.colcon_parallel_executor.executor.parallel:loop closed
[4.235s] DEBUG:colcon.colcon_parallel_executor.executor.parallel:run_until_complete finished with '0'
[4.235s] DEBUG:colcon.colcon_core.event_reactor:joining thread
[4.250s] INFO:colcon.colcon_core.plugin_system:Skipping extension 'colcon_notification.desktop_notification.terminal_notifier': Not used on non-Darwin systems
[4.250s] INFO:colcon.colcon_core.plugin_system:Skipping extension 'colcon_notification.desktop_notification.win32': Not used on non-Windows systems
[4.251s] INFO:colcon.colcon_notification.desktop_notification:Sending desktop notification using 'notify2'
[4.289s] DEBUG:colcon.colcon_core.event_reactor:joined thread
[4.290s] INFO:colcon.colcon_core.shell:Creating prefix script '/home/interstellar/tf_demo/tf_ws/install/local_setup.ps1'
[4.294s] INFO:colcon.colcon_core.shell:Creating prefix util module '/home/interstellar/tf_demo/tf_ws/install/_local_setup_util_ps1.py'
[4.298s] INFO:colcon.colcon_core.shell:Creating prefix chain script '/home/interstellar/tf_demo/tf_ws/install/setup.ps1'
[4.302s] INFO:colcon.colcon_core.shell:Creating prefix script '/home/interstellar/tf_demo/tf_ws/install/local_setup.sh'
[4.303s] INFO:colcon.colcon_core.shell:Creating prefix util module '/home/interstellar/tf_demo/tf_ws/install/_local_setup_util_sh.py'
[4.305s] INFO:colcon.colcon_core.shell:Creating prefix chain script '/home/interstellar/tf_demo/tf_ws/install/setup.sh'
[4.308s] INFO:colcon.colcon_core.shell:Creating prefix script '/home/interstellar/tf_demo/tf_ws/install/local_setup.bash'
[4.309s] INFO:colcon.colcon_core.shell:Creating prefix chain script '/home/interstellar/tf_demo/tf_ws/install/setup.bash'
[4.312s] INFO:colcon.colcon_core.shell:Creating prefix script '/home/interstellar/tf_demo/tf_ws/install/local_setup.zsh'
[4.313s] INFO:colcon.colcon_core.shell:Creating prefix chain script '/home/interstellar/tf_demo/tf_ws/install/setup.zsh'
