[1.583s] Invoking command in '/home/interstellar/tf_demo/tf_ws/src/py_tf': PYTHONPATH=/home/interstellar/tf_demo/build/py_tf/prefix_override:/usr/lib/python3/dist-packages/colcon_core/task/python/colcon_distutils_commands:/home/interstellar/tf_demo/install/py_tf/lib/python3.10/site-packages:${PYTHONPATH} /usr/bin/python3 -W ignore:setup.py install is deprecated setup.py egg_info --egg-base ../../../build/py_tf build --build-base /home/interstellar/tf_demo/build/py_tf/build install --record /home/interstellar/tf_demo/build/py_tf/install.log --single-version-externally-managed install_data
[2.239s] running egg_info
[2.241s] writing ../../../build/py_tf/py_tf.egg-info/PKG-INFO
[2.241s] writing dependency_links to ../../../build/py_tf/py_tf.egg-info/dependency_links.txt
[2.242s] writing entry points to ../../../build/py_tf/py_tf.egg-info/entry_points.txt
[2.242s] writing requirements to ../../../build/py_tf/py_tf.egg-info/requires.txt
[2.242s] writing top-level names to ../../../build/py_tf/py_tf.egg-info/top_level.txt
[2.247s] reading manifest file '../../../build/py_tf/py_tf.egg-info/SOURCES.txt'
[2.248s] adding license file 'LICENSE'
[2.250s] writing manifest file '../../../build/py_tf/py_tf.egg-info/SOURCES.txt'
[2.250s] running build
[2.250s] running build_py
[2.251s] running install
[2.252s] running install_lib
[2.255s] running install_data
[2.256s] running install_egg_info
[2.262s] removing '/home/interstellar/tf_demo/install/py_tf/lib/python3.10/site-packages/py_tf-0.0.0-py3.10.egg-info' (and everything under it)
[2.262s] Copying ../../../build/py_tf/py_tf.egg-info to /home/interstellar/tf_demo/install/py_tf/lib/python3.10/site-packages/py_tf-0.0.0-py3.10.egg-info
[2.264s] running install_scripts
[2.316s] Installing dy_broadcaster script to /home/interstellar/tf_demo/install/py_tf/lib/py_tf
[2.316s] Installing listener script to /home/interstellar/tf_demo/install/py_tf/lib/py_tf
[2.318s] Installing sta_broadcaster script to /home/interstellar/tf_demo/install/py_tf/lib/py_tf
[2.318s] writing list of installed files to '/home/interstellar/tf_demo/build/py_tf/install.log'
[2.366s] Invoked command in '/home/interstellar/tf_demo/tf_ws/src/py_tf' returned '0': PYTHONPATH=/home/interstellar/tf_demo/build/py_tf/prefix_override:/usr/lib/python3/dist-packages/colcon_core/task/python/colcon_distutils_commands:/home/interstellar/tf_demo/install/py_tf/lib/python3.10/site-packages:${PYTHONPATH} /usr/bin/python3 -W ignore:setup.py install is deprecated setup.py egg_info --egg-base ../../../build/py_tf build --build-base /home/interstellar/tf_demo/build/py_tf/build install --record /home/interstellar/tf_demo/build/py_tf/install.log --single-version-externally-managed install_data
