[1.894s] Invoking command in '/home/interstellar/tf_demo/tf_ws/src/py_tf': PYTHONPATH=/home/interstellar/tf_demo/build/py_tf/prefix_override:/usr/lib/python3/dist-packages/colcon_core/task/python/colcon_distutils_commands:/home/interstellar/tf_demo/install/py_tf/lib/python3.10/site-packages:${PYTHONPATH} /usr/bin/python3 -W ignore:setup.py install is deprecated setup.py egg_info --egg-base ../../../build/py_tf build --build-base /home/interstellar/tf_demo/build/py_tf/build install --record /home/interstellar/tf_demo/build/py_tf/install.log --single-version-externally-managed install_data
[2.738s] running egg_info
[2.739s] creating ../../../build/py_tf/py_tf.egg-info
[2.740s] writing ../../../build/py_tf/py_tf.egg-info/PKG-INFO
[2.740s] writing dependency_links to ../../../build/py_tf/py_tf.egg-info/dependency_links.txt
[2.741s] writing entry points to ../../../build/py_tf/py_tf.egg-info/entry_points.txt
[2.741s] writing requirements to ../../../build/py_tf/py_tf.egg-info/requires.txt
[2.742s] writing top-level names to ../../../build/py_tf/py_tf.egg-info/top_level.txt
[2.742s] writing manifest file '../../../build/py_tf/py_tf.egg-info/SOURCES.txt'
[2.748s] reading manifest file '../../../build/py_tf/py_tf.egg-info/SOURCES.txt'
[2.748s] adding license file 'LICENSE'
[2.749s] writing manifest file '../../../build/py_tf/py_tf.egg-info/SOURCES.txt'
[2.750s] running build
[2.750s] running build_py
[2.751s] creating /home/interstellar/tf_demo/build/py_tf/build
[2.751s] creating /home/interstellar/tf_demo/build/py_tf/build/lib
[2.751s] creating /home/interstellar/tf_demo/build/py_tf/build/lib/py_tf
[2.752s] copying py_tf/__init__.py -> /home/interstellar/tf_demo/build/py_tf/build/lib/py_tf
[2.752s] copying py_tf/listener.py -> /home/interstellar/tf_demo/build/py_tf/build/lib/py_tf
[2.752s] copying py_tf/sta_broadcaster.py -> /home/interstellar/tf_demo/build/py_tf/build/lib/py_tf
[2.753s] copying py_tf/dy_broadcaster.py -> /home/interstellar/tf_demo/build/py_tf/build/lib/py_tf
[2.753s] running install
[2.755s] running install_lib
[2.757s] creating /home/interstellar/tf_demo/install/py_tf/lib/python3.10/site-packages/py_tf
[2.758s] copying /home/interstellar/tf_demo/build/py_tf/build/lib/py_tf/__init__.py -> /home/interstellar/tf_demo/install/py_tf/lib/python3.10/site-packages/py_tf
[2.758s] copying /home/interstellar/tf_demo/build/py_tf/build/lib/py_tf/listener.py -> /home/interstellar/tf_demo/install/py_tf/lib/python3.10/site-packages/py_tf
[2.758s] copying /home/interstellar/tf_demo/build/py_tf/build/lib/py_tf/sta_broadcaster.py -> /home/interstellar/tf_demo/install/py_tf/lib/python3.10/site-packages/py_tf
[2.759s] copying /home/interstellar/tf_demo/build/py_tf/build/lib/py_tf/dy_broadcaster.py -> /home/interstellar/tf_demo/install/py_tf/lib/python3.10/site-packages/py_tf
[2.762s] byte-compiling /home/interstellar/tf_demo/install/py_tf/lib/python3.10/site-packages/py_tf/__init__.py to __init__.cpython-310.pyc
[2.762s] byte-compiling /home/interstellar/tf_demo/install/py_tf/lib/python3.10/site-packages/py_tf/listener.py to listener.cpython-310.pyc
[2.764s] byte-compiling /home/interstellar/tf_demo/install/py_tf/lib/python3.10/site-packages/py_tf/sta_broadcaster.py to sta_broadcaster.cpython-310.pyc
[2.764s] byte-compiling /home/interstellar/tf_demo/install/py_tf/lib/python3.10/site-packages/py_tf/dy_broadcaster.py to dy_broadcaster.cpython-310.pyc
[2.765s] running install_data
[2.766s] creating /home/interstellar/tf_demo/install/py_tf/share/ament_index
[2.766s] creating /home/interstellar/tf_demo/install/py_tf/share/ament_index/resource_index
[2.766s] creating /home/interstellar/tf_demo/install/py_tf/share/ament_index/resource_index/packages
[2.767s] copying resource/py_tf -> /home/interstellar/tf_demo/install/py_tf/share/ament_index/resource_index/packages
[2.767s] copying package.xml -> /home/interstellar/tf_demo/install/py_tf/share/py_tf
[2.767s] running install_egg_info
[2.776s] Copying ../../../build/py_tf/py_tf.egg-info to /home/interstellar/tf_demo/install/py_tf/lib/python3.10/site-packages/py_tf-0.0.0-py3.10.egg-info
[2.780s] running install_scripts
[2.899s] Installing dy_broadcaster script to /home/interstellar/tf_demo/install/py_tf/lib/py_tf
[2.900s] Installing sta_broadcaster script to /home/interstellar/tf_demo/install/py_tf/lib/py_tf
[2.901s] writing list of installed files to '/home/interstellar/tf_demo/build/py_tf/install.log'
[2.947s] Invoked command in '/home/interstellar/tf_demo/tf_ws/src/py_tf' returned '0': PYTHONPATH=/home/interstellar/tf_demo/build/py_tf/prefix_override:/usr/lib/python3/dist-packages/colcon_core/task/python/colcon_distutils_commands:/home/interstellar/tf_demo/install/py_tf/lib/python3.10/site-packages:${PYTHONPATH} /usr/bin/python3 -W ignore:setup.py install is deprecated setup.py egg_info --egg-base ../../../build/py_tf build --build-base /home/interstellar/tf_demo/build/py_tf/build install --record /home/interstellar/tf_demo/build/py_tf/install.log --single-version-externally-managed install_data
