[0.287s] DEBUG:colcon:Command line arguments: ['/usr/bin/colcon', 'build']
[0.287s] DEBUG:colcon:Parsed command line arguments: Namespace(log_base=None, log_level=None, verb_name='build', build_base='build', install_base='install', merge_install=False, symlink_install=False, test_result_base=None, continue_on_error=False, executor='parallel', parallel_workers=4, event_handlers=None, ignore_user_meta=False, metas=['./colcon.meta'], base_paths=['.'], packages_ignore=None, packages_ignore_regex=None, paths=None, packages_up_to=None, packages_up_to_regex=None, packages_above=None, packages_above_and_dependencies=None, packages_above_depth=None, packages_select_by_dep=None, packages_skip_by_dep=None, packages_skip_up_to=None, packages_select_build_failed=False, packages_skip_build_finished=False, packages_select_test_failures=False, packages_skip_test_passed=False, packages_select=None, packages_skip=None, packages_select_regex=None, packages_skip_regex=None, packages_start=None, packages_end=None, allow_overriding=[], cmake_args=None, cmake_target=None, cmake_target_skip_unavailable=False, cmake_clean_cache=False, cmake_clean_first=False, cmake_force_configure=False, ament_cmake_args=None, catkin_cmake_args=None, catkin_skip_building_tests=False, verb_parser=<colcon_defaults.argument_parser.defaults.DefaultArgumentsDecorator object at 0x743a62250400>, verb_extension=<colcon_core.verb.build.BuildVerb object at 0x743a6221b310>, main=<bound method BuildVerb.main of <colcon_core.verb.build.BuildVerb object at 0x743a6221b310>>)
[0.702s] Level 1:colcon.colcon_core.package_discovery:discover_packages(colcon_meta) check parameters
[0.703s] Level 1:colcon.colcon_core.package_discovery:discover_packages(recursive) check parameters
[0.703s] Level 1:colcon.colcon_core.package_discovery:discover_packages(ignore) check parameters
[0.703s] Level 1:colcon.colcon_core.package_discovery:discover_packages(path) check parameters
[0.703s] Level 1:colcon.colcon_core.package_discovery:discover_packages(colcon_meta) discover
[0.703s] Level 1:colcon.colcon_core.package_discovery:discover_packages(recursive) discover
[0.703s] INFO:colcon.colcon_core.package_discovery:Crawling recursively for packages in '/home/interstellar/tf_demo'
[0.703s] Level 1:colcon.colcon_core.package_identification:_identify(.) by extensions ['ignore', 'ignore_ament_install']
[0.704s] Level 1:colcon.colcon_core.package_identification:_identify(.) by extension 'ignore'
[0.704s] Level 1:colcon.colcon_core.package_identification:_identify(.) by extension 'ignore_ament_install'
[0.704s] Level 1:colcon.colcon_core.package_identification:_identify(.) by extensions ['colcon_pkg']
[0.704s] Level 1:colcon.colcon_core.package_identification:_identify(.) by extension 'colcon_pkg'
[0.704s] Level 1:colcon.colcon_core.package_identification:_identify(.) by extensions ['colcon_meta']
[0.704s] Level 1:colcon.colcon_core.package_identification:_identify(.) by extension 'colcon_meta'
[0.704s] Level 1:colcon.colcon_core.package_identification:_identify(.) by extensions ['ros']
[0.704s] Level 1:colcon.colcon_core.package_identification:_identify(.) by extension 'ros'
[0.737s] Level 1:colcon.colcon_core.package_identification:_identify(.) by extensions ['cmake', 'python']
[0.738s] Level 1:colcon.colcon_core.package_identification:_identify(.) by extension 'cmake'
[0.738s] Level 1:colcon.colcon_core.package_identification:_identify(.) by extension 'python'
[0.738s] Level 1:colcon.colcon_core.package_identification:_identify(.) by extensions ['python_setup_py']
[0.739s] Level 1:colcon.colcon_core.package_identification:_identify(.) by extension 'python_setup_py'
[0.739s] Level 1:colcon.colcon_core.package_identification:_identify(build) by extensions ['ignore', 'ignore_ament_install']
[0.740s] Level 1:colcon.colcon_core.package_identification:_identify(build) by extension 'ignore'
[0.740s] Level 1:colcon.colcon_core.package_identification:_identify(build) ignored
[0.740s] Level 1:colcon.colcon_core.package_identification:_identify(install) by extensions ['ignore', 'ignore_ament_install']
[0.741s] Level 1:colcon.colcon_core.package_identification:_identify(install) by extension 'ignore'
[0.741s] Level 1:colcon.colcon_core.package_identification:_identify(install) ignored
[0.741s] Level 1:colcon.colcon_core.package_identification:_identify(log) by extensions ['ignore', 'ignore_ament_install']
[0.741s] Level 1:colcon.colcon_core.package_identification:_identify(log) by extension 'ignore'
[0.741s] Level 1:colcon.colcon_core.package_identification:_identify(log) ignored
[0.741s] Level 1:colcon.colcon_core.package_identification:_identify(tf_ws) by extensions ['ignore', 'ignore_ament_install']
[0.742s] Level 1:colcon.colcon_core.package_identification:_identify(tf_ws) by extension 'ignore'
[0.742s] Level 1:colcon.colcon_core.package_identification:_identify(tf_ws) by extension 'ignore_ament_install'
[0.742s] Level 1:colcon.colcon_core.package_identification:_identify(tf_ws) by extensions ['colcon_pkg']
[0.742s] Level 1:colcon.colcon_core.package_identification:_identify(tf_ws) by extension 'colcon_pkg'
[0.742s] Level 1:colcon.colcon_core.package_identification:_identify(tf_ws) by extensions ['colcon_meta']
[0.742s] Level 1:colcon.colcon_core.package_identification:_identify(tf_ws) by extension 'colcon_meta'
[0.742s] Level 1:colcon.colcon_core.package_identification:_identify(tf_ws) by extensions ['ros']
[0.743s] Level 1:colcon.colcon_core.package_identification:_identify(tf_ws) by extension 'ros'
[0.743s] Level 1:colcon.colcon_core.package_identification:_identify(tf_ws) by extensions ['cmake', 'python']
[0.743s] Level 1:colcon.colcon_core.package_identification:_identify(tf_ws) by extension 'cmake'
[0.743s] Level 1:colcon.colcon_core.package_identification:_identify(tf_ws) by extension 'python'
[0.744s] Level 1:colcon.colcon_core.package_identification:_identify(tf_ws) by extensions ['python_setup_py']
[0.744s] Level 1:colcon.colcon_core.package_identification:_identify(tf_ws) by extension 'python_setup_py'
[0.744s] Level 1:colcon.colcon_core.package_identification:_identify(tf_ws/build) by extensions ['ignore', 'ignore_ament_install']
[0.745s] Level 1:colcon.colcon_core.package_identification:_identify(tf_ws/build) by extension 'ignore'
[0.745s] Level 1:colcon.colcon_core.package_identification:_identify(tf_ws/build) ignored
[0.746s] Level 1:colcon.colcon_core.package_identification:_identify(tf_ws/install) by extensions ['ignore', 'ignore_ament_install']
[0.746s] Level 1:colcon.colcon_core.package_identification:_identify(tf_ws/install) by extension 'ignore'
[0.746s] Level 1:colcon.colcon_core.package_identification:_identify(tf_ws/install) ignored
[0.746s] Level 1:colcon.colcon_core.package_identification:_identify(tf_ws/log) by extensions ['ignore', 'ignore_ament_install']
[0.747s] Level 1:colcon.colcon_core.package_identification:_identify(tf_ws/log) by extension 'ignore'
[0.747s] Level 1:colcon.colcon_core.package_identification:_identify(tf_ws/log) ignored
[0.747s] Level 1:colcon.colcon_core.package_identification:_identify(tf_ws/src) by extensions ['ignore', 'ignore_ament_install']
[0.747s] Level 1:colcon.colcon_core.package_identification:_identify(tf_ws/src) by extension 'ignore'
[0.747s] Level 1:colcon.colcon_core.package_identification:_identify(tf_ws/src) by extension 'ignore_ament_install'
[0.747s] Level 1:colcon.colcon_core.package_identification:_identify(tf_ws/src) by extensions ['colcon_pkg']
[0.747s] Level 1:colcon.colcon_core.package_identification:_identify(tf_ws/src) by extension 'colcon_pkg'
[0.748s] Level 1:colcon.colcon_core.package_identification:_identify(tf_ws/src) by extensions ['colcon_meta']
[0.748s] Level 1:colcon.colcon_core.package_identification:_identify(tf_ws/src) by extension 'colcon_meta'
[0.748s] Level 1:colcon.colcon_core.package_identification:_identify(tf_ws/src) by extensions ['ros']
[0.748s] Level 1:colcon.colcon_core.package_identification:_identify(tf_ws/src) by extension 'ros'
[0.748s] Level 1:colcon.colcon_core.package_identification:_identify(tf_ws/src) by extensions ['cmake', 'python']
[0.749s] Level 1:colcon.colcon_core.package_identification:_identify(tf_ws/src) by extension 'cmake'
[0.749s] Level 1:colcon.colcon_core.package_identification:_identify(tf_ws/src) by extension 'python'
[0.749s] Level 1:colcon.colcon_core.package_identification:_identify(tf_ws/src) by extensions ['python_setup_py']
[0.749s] Level 1:colcon.colcon_core.package_identification:_identify(tf_ws/src) by extension 'python_setup_py'
[0.749s] Level 1:colcon.colcon_core.package_identification:_identify(tf_ws/src/py_tf) by extensions ['ignore', 'ignore_ament_install']
[0.749s] Level 1:colcon.colcon_core.package_identification:_identify(tf_ws/src/py_tf) by extension 'ignore'
[0.750s] Level 1:colcon.colcon_core.package_identification:_identify(tf_ws/src/py_tf) by extension 'ignore_ament_install'
[0.750s] Level 1:colcon.colcon_core.package_identification:_identify(tf_ws/src/py_tf) by extensions ['colcon_pkg']
[0.750s] Level 1:colcon.colcon_core.package_identification:_identify(tf_ws/src/py_tf) by extension 'colcon_pkg'
[0.750s] Level 1:colcon.colcon_core.package_identification:_identify(tf_ws/src/py_tf) by extensions ['colcon_meta']
[0.750s] Level 1:colcon.colcon_core.package_identification:_identify(tf_ws/src/py_tf) by extension 'colcon_meta'
[0.750s] Level 1:colcon.colcon_core.package_identification:_identify(tf_ws/src/py_tf) by extensions ['ros']
[0.750s] Level 1:colcon.colcon_core.package_identification:_identify(tf_ws/src/py_tf) by extension 'ros'
[0.757s] DEBUG:colcon.colcon_core.package_identification:Package 'tf_ws/src/py_tf' with type 'ros.ament_python' and name 'py_tf'
[0.757s] Level 1:colcon.colcon_core.package_discovery:discover_packages(recursive) using defaults
[0.757s] Level 1:colcon.colcon_core.package_discovery:discover_packages(ignore) discover
[0.757s] Level 1:colcon.colcon_core.package_discovery:discover_packages(ignore) using defaults
[0.757s] Level 1:colcon.colcon_core.package_discovery:discover_packages(path) discover
[0.757s] Level 1:colcon.colcon_core.package_discovery:discover_packages(path) using defaults
[0.807s] Level 1:colcon.colcon_core.package_discovery:discover_packages(prefix_path) check parameters
[0.807s] Level 1:colcon.colcon_core.package_discovery:discover_packages(prefix_path) discover
[0.811s] DEBUG:colcon.colcon_installed_package_information.package_discovery:Found 1 installed packages in /home/interstellar/tf_demo/install
[0.814s] DEBUG:colcon.colcon_installed_package_information.package_discovery:Found 271 installed packages in /opt/ros/humble
[0.836s] Level 1:colcon.colcon_core.package_discovery:discover_packages(prefix_path) using defaults
[0.933s] Level 5:colcon.colcon_core.verb:set package 'py_tf' build argument 'cmake_args' from command line to 'None'
[0.933s] Level 5:colcon.colcon_core.verb:set package 'py_tf' build argument 'cmake_target' from command line to 'None'
[0.933s] Level 5:colcon.colcon_core.verb:set package 'py_tf' build argument 'cmake_target_skip_unavailable' from command line to 'False'
[0.933s] Level 5:colcon.colcon_core.verb:set package 'py_tf' build argument 'cmake_clean_cache' from command line to 'False'
[0.934s] Level 5:colcon.colcon_core.verb:set package 'py_tf' build argument 'cmake_clean_first' from command line to 'False'
[0.934s] Level 5:colcon.colcon_core.verb:set package 'py_tf' build argument 'cmake_force_configure' from command line to 'False'
[0.934s] Level 5:colcon.colcon_core.verb:set package 'py_tf' build argument 'ament_cmake_args' from command line to 'None'
[0.934s] Level 5:colcon.colcon_core.verb:set package 'py_tf' build argument 'catkin_cmake_args' from command line to 'None'
[0.934s] Level 5:colcon.colcon_core.verb:set package 'py_tf' build argument 'catkin_skip_building_tests' from command line to 'False'
[0.934s] DEBUG:colcon.colcon_core.verb:Building package 'py_tf' with the following arguments: {'ament_cmake_args': None, 'build_base': '/home/interstellar/tf_demo/build/py_tf', 'catkin_cmake_args': None, 'catkin_skip_building_tests': False, 'cmake_args': None, 'cmake_clean_cache': False, 'cmake_clean_first': False, 'cmake_force_configure': False, 'cmake_target': None, 'cmake_target_skip_unavailable': False, 'install_base': '/home/interstellar/tf_demo/install/py_tf', 'merge_install': False, 'path': '/home/interstellar/tf_demo/tf_ws/src/py_tf', 'symlink_install': False, 'test_result_base': None}
[0.934s] INFO:colcon.colcon_core.executor:Executing jobs using 'parallel' executor
[0.937s] DEBUG:colcon.colcon_parallel_executor.executor.parallel:run_until_complete
[0.937s] INFO:colcon.colcon_ros.task.ament_python.build:Building ROS package in '/home/interstellar/tf_demo/tf_ws/src/py_tf' with build type 'ament_python'
[0.938s] Level 1:colcon.colcon_core.shell:create_environment_hook('py_tf', 'ament_prefix_path')
[0.943s] INFO:colcon.colcon_core.plugin_system:Skipping extension 'colcon_core.shell.bat': Not used on non-Windows systems
[0.944s] INFO:colcon.colcon_core.shell:Creating environment hook '/home/interstellar/tf_demo/install/py_tf/share/py_tf/hook/ament_prefix_path.ps1'
[0.946s] INFO:colcon.colcon_core.shell:Creating environment descriptor '/home/interstellar/tf_demo/install/py_tf/share/py_tf/hook/ament_prefix_path.dsv'
[0.947s] INFO:colcon.colcon_core.shell:Creating environment hook '/home/interstellar/tf_demo/install/py_tf/share/py_tf/hook/ament_prefix_path.sh'
[0.949s] INFO:colcon.colcon_core.shell:Skip shell extension 'powershell' for command environment: Not usable outside of PowerShell
[0.949s] DEBUG:colcon.colcon_core.shell:Skip shell extension 'dsv' for command environment
[1.624s] INFO:colcon.colcon_core.task.python.build:Building Python package in '/home/interstellar/tf_demo/tf_ws/src/py_tf'
[1.625s] INFO:colcon.colcon_core.shell:Skip shell extension 'powershell' for command environment: Not usable outside of PowerShell
[1.625s] DEBUG:colcon.colcon_core.shell:Skip shell extension 'dsv' for command environment
[2.522s] DEBUG:colcon.colcon_core.event_handler.log_command:Invoking command in '/home/interstellar/tf_demo/tf_ws/src/py_tf': PYTHONPATH=/home/interstellar/tf_demo/build/py_tf/prefix_override:/usr/lib/python3/dist-packages/colcon_core/task/python/colcon_distutils_commands:/home/interstellar/tf_demo/install/py_tf/lib/python3.10/site-packages:${PYTHONPATH} /usr/bin/python3 -W ignore:setup.py install is deprecated setup.py egg_info --egg-base ../../../build/py_tf build --build-base /home/interstellar/tf_demo/build/py_tf/build install --record /home/interstellar/tf_demo/build/py_tf/install.log --single-version-externally-managed install_data
[3.306s] DEBUG:colcon.colcon_core.event_handler.log_command:Invoked command in '/home/interstellar/tf_demo/tf_ws/src/py_tf' returned '0': PYTHONPATH=/home/interstellar/tf_demo/build/py_tf/prefix_override:/usr/lib/python3/dist-packages/colcon_core/task/python/colcon_distutils_commands:/home/interstellar/tf_demo/install/py_tf/lib/python3.10/site-packages:${PYTHONPATH} /usr/bin/python3 -W ignore:setup.py install is deprecated setup.py egg_info --egg-base ../../../build/py_tf build --build-base /home/interstellar/tf_demo/build/py_tf/build install --record /home/interstellar/tf_demo/build/py_tf/install.log --single-version-externally-managed install_data
[3.312s] Level 1:colcon.colcon_core.environment:checking '/home/interstellar/tf_demo/install/py_tf' for CMake module files
[3.313s] Level 1:colcon.colcon_core.environment:checking '/home/interstellar/tf_demo/install/py_tf' for CMake config files
[3.315s] Level 1:colcon.colcon_core.environment:checking '/home/interstellar/tf_demo/install/py_tf/lib'
[3.316s] Level 1:colcon.colcon_core.environment:checking '/home/interstellar/tf_demo/install/py_tf/bin'
[3.316s] Level 1:colcon.colcon_core.environment:checking '/home/interstellar/tf_demo/install/py_tf/lib/pkgconfig/py_tf.pc'
[3.317s] Level 1:colcon.colcon_core.environment:checking '/home/interstellar/tf_demo/install/py_tf/lib/python3.10/site-packages'
[3.317s] Level 1:colcon.colcon_core.shell:create_environment_hook('py_tf', 'pythonpath')
[3.318s] INFO:colcon.colcon_core.shell:Creating environment hook '/home/interstellar/tf_demo/install/py_tf/share/py_tf/hook/pythonpath.ps1'
[3.320s] INFO:colcon.colcon_core.shell:Creating environment descriptor '/home/interstellar/tf_demo/install/py_tf/share/py_tf/hook/pythonpath.dsv'
[3.321s] INFO:colcon.colcon_core.shell:Creating environment hook '/home/interstellar/tf_demo/install/py_tf/share/py_tf/hook/pythonpath.sh'
[3.323s] Level 1:colcon.colcon_core.environment:checking '/home/interstellar/tf_demo/install/py_tf/bin'
[3.324s] Level 1:colcon.colcon_core.environment:create_environment_scripts_only(py_tf)
[3.324s] INFO:colcon.colcon_core.shell:Creating package script '/home/interstellar/tf_demo/install/py_tf/share/py_tf/package.ps1'
[3.327s] INFO:colcon.colcon_core.shell:Creating package descriptor '/home/interstellar/tf_demo/install/py_tf/share/py_tf/package.dsv'
[3.329s] INFO:colcon.colcon_core.shell:Creating package script '/home/interstellar/tf_demo/install/py_tf/share/py_tf/package.sh'
[3.330s] INFO:colcon.colcon_core.shell:Creating package script '/home/interstellar/tf_demo/install/py_tf/share/py_tf/package.bash'
[3.333s] INFO:colcon.colcon_core.shell:Creating package script '/home/interstellar/tf_demo/install/py_tf/share/py_tf/package.zsh'
[3.335s] Level 1:colcon.colcon_core.environment:create_file_with_runtime_dependencies(/home/interstellar/tf_demo/install/py_tf/share/colcon-core/packages/py_tf)
[3.336s] DEBUG:colcon.colcon_parallel_executor.executor.parallel:closing loop
[3.337s] DEBUG:colcon.colcon_parallel_executor.executor.parallel:loop closed
[3.337s] DEBUG:colcon.colcon_parallel_executor.executor.parallel:run_until_complete finished with '0'
[3.337s] DEBUG:colcon.colcon_core.event_reactor:joining thread
[3.353s] INFO:colcon.colcon_core.plugin_system:Skipping extension 'colcon_notification.desktop_notification.terminal_notifier': Not used on non-Darwin systems
[3.353s] INFO:colcon.colcon_core.plugin_system:Skipping extension 'colcon_notification.desktop_notification.win32': Not used on non-Windows systems
[3.353s] INFO:colcon.colcon_notification.desktop_notification:Sending desktop notification using 'notify2'
[3.390s] DEBUG:colcon.colcon_core.event_reactor:joined thread
[3.392s] INFO:colcon.colcon_core.shell:Creating prefix script '/home/interstellar/tf_demo/install/local_setup.ps1'
[3.396s] INFO:colcon.colcon_core.shell:Creating prefix util module '/home/interstellar/tf_demo/install/_local_setup_util_ps1.py'
[3.401s] INFO:colcon.colcon_core.shell:Creating prefix chain script '/home/interstellar/tf_demo/install/setup.ps1'
[3.404s] INFO:colcon.colcon_core.shell:Creating prefix script '/home/interstellar/tf_demo/install/local_setup.sh'
[3.406s] INFO:colcon.colcon_core.shell:Creating prefix util module '/home/interstellar/tf_demo/install/_local_setup_util_sh.py'
[3.407s] INFO:colcon.colcon_core.shell:Creating prefix chain script '/home/interstellar/tf_demo/install/setup.sh'
[3.410s] INFO:colcon.colcon_core.shell:Creating prefix script '/home/interstellar/tf_demo/install/local_setup.bash'
[3.411s] INFO:colcon.colcon_core.shell:Creating prefix chain script '/home/interstellar/tf_demo/install/setup.bash'
[3.413s] INFO:colcon.colcon_core.shell:Creating prefix script '/home/interstellar/tf_demo/install/local_setup.zsh'
[3.415s] INFO:colcon.colcon_core.shell:Creating prefix chain script '/home/interstellar/tf_demo/install/setup.zsh'
